proguard_logs/seeds.txt
com.hyperionics.fbreader.plugin.tts_plus.BluetoothConnectReceiver
com.hyperionics.fbreader.plugin.tts_plus.BluetoothConnectReceiver: BluetoothConnectReceiver()
com.hyperionics.fbreader.plugin.tts_plus.CmdActivity
com.hyperionics.fbreader.plugin.tts_plus.CmdActivity: CmdActivity()
com.hyperionics.fbreader.plugin.tts_plus.HeadsetPlugReceiver
com.hyperionics.fbreader.plugin.tts_plus.IncomingReceiver
com.hyperionics.fbreader.plugin.tts_plus.IncomingReceiver: IncomingReceiver()
com.hyperionics.fbreader.plugin.tts_plus.InfoActivity
com.hyperionics.fbreader.plugin.tts_plus.InfoActivity: InfoActivity()
com.hyperionics.fbreader.plugin.tts_plus.InfoActivity: void onRemoveIcon(android.view.View)
com.hyperionics.fbreader.plugin.tts_plus.InfoActivity: void atVoiceClick(android.view.View)
com.hyperionics.fbreader.plugin.tts_plus.InfoActivity: void fbReaderClick(android.view.View)
com.hyperionics.fbreader.plugin.tts_plus.MediaButtonIntentReceiver
com.hyperionics.fbreader.plugin.tts_plus.MediaButtonIntentReceiver: MediaButtonIntentReceiver()
com.hyperionics.fbreader.plugin.tts_plus.MyWidgetIntentReceiver
com.hyperionics.fbreader.plugin.tts_plus.MyWidgetIntentReceiver: MyWidgetIntentReceiver()
com.hyperionics.fbreader.plugin.tts_plus.MyWidgetProvider
com.hyperionics.fbreader.plugin.tts_plus.MyWidgetProvider: MyWidgetProvider()
com.hyperionics.fbreader.plugin.tts_plus.PluginInfo
com.hyperionics.fbreader.plugin.tts_plus.PluginInfo: PluginInfo()
com.hyperionics.fbreader.plugin.tts_plus.R$array: int search_kinds
com.hyperionics.fbreader.plugin.tts_plus.R$array: int sleep_array
com.hyperionics.fbreader.plugin.tts_plus.R$array: int sleep_minutes
com.hyperionics.fbreader.plugin.tts_plus.R$array: int tts_quality
com.hyperionics.fbreader.plugin.tts_plus.R$array: int tts_samples
com.hyperionics.fbreader.plugin.tts_plus.R$color: int black
com.hyperionics.fbreader.plugin.tts_plus.R$color: int blue
com.hyperionics.fbreader.plugin.tts_plus.R$color: int bluish
com.hyperionics.fbreader.plugin.tts_plus.R$color: int ddkgray
com.hyperionics.fbreader.plugin.tts_plus.R$color: int dkblue
com.hyperionics.fbreader.plugin.tts_plus.R$color: int dkgray
com.hyperionics.fbreader.plugin.tts_plus.R$color: int green
com.hyperionics.fbreader.plugin.tts_plus.R$color: int hilite
com.hyperionics.fbreader.plugin.tts_plus.R$color: int lltgray
com.hyperionics.fbreader.plugin.tts_plus.R$color: int ltblue
com.hyperionics.fbreader.plugin.tts_plus.R$color: int ltgray
com.hyperionics.fbreader.plugin.tts_plus.R$color: int my_holo_dark_blue
com.hyperionics.fbreader.plugin.tts_plus.R$color: int red
com.hyperionics.fbreader.plugin.tts_plus.R$color: int transparent
com.hyperionics.fbreader.plugin.tts_plus.R$color: int white
com.hyperionics.fbreader.plugin.tts_plus.R$color: int whitish
com.hyperionics.fbreader.plugin.tts_plus.R$color: int yellow
...
com.example.TtsNativeLib.R$string: int app_name
com.hyperionics.TtsSetup.AddVoice
com.hyperionics.TtsSetup.AddVoice: AddVoice()
com.hyperionics.TtsSetup.CldWrapper
com.hyperionics.TtsSetup.CldWrapper: void cacheContextNative(android.content.Context)
com.hyperionics.TtsSetup.CldWrapper: java.lang.String[] detectLangNative(java.lang.String)
com.hyperionics.TtsSetup.CldWrapper: int[] findSegmentPositionsNative(java.lang.String,java.lang.String,int)
com.hyperionics.TtsSetup.CldWrapper: java.lang.String[] splitSentencesNative(java.lang.String,java.lang.String,java.lang.String)
com.hyperionics.TtsSetup.CldWrapper: java.lang.String replaceForSpeechNative(java.lang.String)
com.hyperionics.TtsSetup.CldWrapper: java.lang.String simpleHtmlEncodeNative(java.lang.String)
com.hyperionics.TtsSetup.CldWrapper: int combineWavFilesNative(java.lang.String,java.lang.String)
com.hyperionics.TtsSetup.CldWrapper: java.lang.String getHtmlEncodingNative(byte[])
com.hyperionics.TtsSetup.CldWrapper: java.lang.String getTextEncodingNative(byte[],java.lang.Integer)
com.hyperionics.TtsSetup.CldWrapper: java.lang.String getPdfTextNative(java.lang.String,java.lang.String,int,int)
com.hyperionics.TtsSetup.CldWrapper: int pdfToTextNative(java.lang.String,java.lang.String,java.lang.String)
com.hyperionics.TtsSetup.CldWrapper: int pdfToTextNative(int,java.lang.String,java.lang.String)
com.hyperionics.TtsSetup.CldWrapper: int pdfPagesExtractedNative()
com.hyperionics.TtsSetup.CldWrapper: int checkPdfPassNative(java.lang.String,java.lang.String)
com.hyperionics.TtsSetup.EditSpeech
com.hyperionics.TtsSetup.EditSpeech: EditSpeech()
com.hyperionics.TtsSetup.R$array: int search_kinds
com.hyperionics.TtsSetup.R$array: int tts_quality
com.hyperionics.TtsSetup.R$array: int tts_samples
com.hyperionics.TtsSetup.R$color: int black
com.hyperionics.TtsSetup.R$color: int blue
com.hyperionics.TtsSetup.R$color: int bluish
com.hyperionics.TtsSetup.R$color: int ddkgray
com.hyperionics.TtsSetup.R$color: int dkblue
com.hyperionics.TtsSetup.R$color: int dkgray
com.hyperionics.TtsSetup.R$color: int green
com.hyperionics.TtsSetup.R$color: int hilite
com.hyperionics.TtsSetup.R$color: int lltgray
com.hyperionics.TtsSetup.R$color: int ltblue
com.hyperionics.TtsSetup.R$color: int ltgray
com.hyperionics.TtsSetup.R$color: int my_holo_dark_blue
com.hyperionics.TtsSetup.R$color: int red
com.hyperionics.TtsSetup.R$color: int transparent
com.hyperionics.TtsSetup.R$color: int white
com.hyperionics.TtsSetup.R$color: int whitish
com.hyperionics.TtsSetup.R$color: int yellow
com.hyperionics.TtsSetup.R$drawable: int btn_transp_selector
com.hyperionics.TtsSetup.R$drawable: int edit
com.hyperionics.TtsSetup.R$drawable: int ic_launcher
com.hyperionics.TtsSetup.R$drawable: int language
com.hyperionics.TtsSetup.R$drawable: int list_add
com.hyperionics.TtsSetup.R$drawable: int list_delete
com.hyperionics.TtsSetup.R$drawable: int paste
com.hyperionics.TtsSetup.R$drawable: int save
com.hyperionics.TtsSetup.R$drawable: int speaker