proguard_logs/mapping.txt
com.hyperionics.fbreader.plugin.tts_plus.BluetoothConnectReceiver -> com.hyperionics.fbreader.plugin.tts_plus.BluetoothConnectReceiver:
    android.os.Handler mHandler -> a
    int retryCount -> b
    java.lang.Runnable myTimerTask -> c
    void onReceive(android.content.Context,android.content.Intent) -> onReceive
    int access$004(com.hyperionics.fbreader.plugin.tts_plus.BluetoothConnectReceiver) -> a
    java.lang.Runnable access$100(com.hyperionics.fbreader.plugin.tts_plus.BluetoothConnectReceiver) -> b
    android.os.Handler access$200(com.hyperionics.fbreader.plugin.tts_plus.BluetoothConnectReceiver) -> c
com.hyperionics.fbreader.plugin.tts_plus.BluetoothConnectReceiver$1 -> com.hyperionics.fbreader.plugin.tts_plus.a:
    com.hyperionics.fbreader.plugin.tts_plus.BluetoothConnectReceiver this$0 -> a
    void run() -> run
com.hyperionics.fbreader.plugin.tts_plus.CmdActivity -> com.hyperionics.fbreader.plugin.tts_plus.CmdActivity:
    void onCreate(android.os.Bundle) -> onCreate
    void copyFile(java.io.File,java.io.File) -> b
    void access$000(java.io.File,java.io.File) -> a
com.hyperionics.fbreader.plugin.tts_plus.CmdActivity$1 -> com.hyperionics.fbreader.plugin.tts_plus.b:
    java.io.File val$src -> a
    java.lang.String val$dstPath -> b
    com.hyperionics.fbreader.plugin.tts_plus.CmdActivity this$0 -> c
    boolean accept(java.io.File,java.lang.String) -> accept
com.hyperionics.fbreader.plugin.tts_plus.GlobalExceptionHandler -> com.hyperionics.fbreader.plugin.tts_plus.c:
    java.lang.Thread$UncaughtExceptionHandler mDefaultExceptionHandler -> a
    void uncaughtException(java.lang.Thread,java.lang.Throwable) -> uncaughtException
    void init(android.content.Context) -> a
com.hyperionics.fbreader.plugin.tts_plus.HeadsetPlugReceiver -> com.hyperionics.fbreader.plugin.tts_plus.HeadsetPlugReceiver:
    boolean myIgnore1st -> a
    void onReceive(android.content.Context,android.content.Intent) -> onReceive
com.hyperionics.fbreader.plugin.tts_plus.IncomingReceiver -> com.hyperionics.fbreader.plugin.tts_plus.IncomingReceiver:
    void onReceive(android.content.Context,android.content.Intent) -> onReceive
    void startSpeakActivityDelayed(int) -> a
    void access$000(com.hyperionics.fbreader.plugin.tts_plus.IncomingReceiver,int) -> a
com.hyperionics.fbreader.plugin.tts_plus.IncomingReceiver$1 -> com.hyperionics.fbreader.plugin.tts_plus.d:
    int val$count -> a
    com.hyperionics.fbreader.plugin.tts_plus.IncomingReceiver this$0 -> b
    void run() -> run
com.hyperionics.fbreader.plugin.tts_plus.InfoActivity -> com.hyperionics.fbreader.plugin.tts_plus.InfoActivity:
    void onCreate(android.os.Bundle) -> onCreate
    void onRemoveIcon(android.view.View) -> onRemoveIcon
    void atVoiceClick(android.view.View) -> atVoiceClick
    void fbReaderClick(android.view.View) -> fbReaderClick
com.hyperionics.fbreader.plugin.tts_plus.InstallInfo -> com.hyperionics.fbreader.plugin.tts_plus.e:
    java.lang.String myPackageName -> a
    android.content.pm.PackageManager myPackageManager -> b
    java.lang.String myAmaSig -> c
    void init(android.content.Context) -> a
    boolean installedFromAma() -> a
    boolean installedFromAma(java.lang.String) -> a
com.hyperionics.fbreader.plugin.tts_plus.MediaButtonIntentReceiver -> com.hyperionics.fbreader.plugin.tts_plus.MediaButtonIntentReceiver:
    void onReceive(android.content.Context,android.content.Intent) -> onReceive
...
org.geometerplus.android.fbreader.api.ApiInterface -> org.geometerplus.android.fbreader.api.e:
    org.geometerplus.android.fbreader.api.ApiObject request(int,org.geometerplus.android.fbreader.api.ApiObject[]) -> a
    java.util.List requestList(int,org.geometerplus.android.fbreader.api.ApiObject[]) -> b
    java.util.Map requestMap(int,org.geometerplus.android.fbreader.api.ApiObject[]) -> c
org.geometerplus.android.fbreader.api.ApiInterface$Stub -> org.geometerplus.android.fbreader.api.f:
    org.geometerplus.android.fbreader.api.ApiInterface asInterface(android.os.IBinder) -> a
    boolean onTransact(int,android.os.Parcel,android.os.Parcel,int) -> onTransact
org.geometerplus.android.fbreader.api.ApiInterface$Stub$Proxy -> org.geometerplus.android.fbreader.api.g:
    android.os.IBinder mRemote -> a
    android.os.IBinder asBinder() -> asBinder
    org.geometerplus.android.fbreader.api.ApiObject request(int,org.geometerplus.android.fbreader.api.ApiObject[]) -> a
    java.util.List requestList(int,org.geometerplus.android.fbreader.api.ApiObject[]) -> b
    java.util.Map requestMap(int,org.geometerplus.android.fbreader.api.ApiObject[]) -> c
org.geometerplus.android.fbreader.api.ApiListener -> org.geometerplus.android.fbreader.api.h:
    void onEvent(java.lang.String) -> a
org.geometerplus.android.fbreader.api.ApiObject -> org.geometerplus.android.fbreader.api.ApiObject:
    android.os.Parcelable$Creator CREATOR -> CREATOR
    org.geometerplus.android.fbreader.api.ApiObject envelope(int) -> a
    int type() -> a
    int describeContents() -> describeContents
    void writeToParcel(android.os.Parcel,int) -> writeToParcel
org.geometerplus.android.fbreader.api.ApiObject$1 -> org.geometerplus.android.fbreader.api.i:
    org.geometerplus.android.fbreader.api.ApiObject createFromParcel(android.os.Parcel) -> a
    org.geometerplus.android.fbreader.api.ApiObject[] newArray(int) -> a
    java.lang.Object[] newArray(int) -> newArray
    java.lang.Object createFromParcel(android.os.Parcel) -> createFromParcel
org.geometerplus.android.fbreader.api.ApiObject$Boolean -> org.geometerplus.android.fbreader.api.ApiObject$Boolean:
    boolean Value -> a
    int type() -> a
    void writeToParcel(android.os.Parcel,int) -> writeToParcel
org.geometerplus.android.fbreader.api.ApiObject$Date -> org.geometerplus.android.fbreader.api.ApiObject$Date:
    java.util.Date Value -> a
    int type() -> a
    void writeToParcel(android.os.Parcel,int) -> writeToParcel
org.geometerplus.android.fbreader.api.ApiObject$Error -> org.geometerplus.android.fbreader.api.ApiObject$Error:
    java.lang.String Message -> a
    int type() -> a
    void writeToParcel(android.os.Parcel,int) -> writeToParcel
org.geometerplus.android.fbreader.api.ApiObject$Integer -> org.geometerplus.android.fbreader.api.ApiObject$Integer:
    int Value -> a
    int type() -> a
    void writeToParcel(android.os.Parcel,int) -> writeToParcel
org.geometerplus.android.fbreader.api.ApiObject$Long -> org.geometerplus.android.fbreader.api.ApiObject$Long:
    long Value -> a
    int type() -> a
    void writeToParcel(android.os.Parcel,int) -> writeToParcel
org.geometerplus.android.fbreader.api.ApiObject$String -> org.geometerplus.android.fbreader.api.ApiObject$String:
    java.lang.String Value -> a
    int type() -> a
    void writeToParcel(android.os.Parcel,int) -> writeToParcel
org.geometerplus.android.fbreader.api.ApiObject$Void -> org.geometerplus.android.fbreader.api.ApiObject$Void:
    org.geometerplus.android.fbreader.api.ApiObject$Void Instance -> a
    int type() -> a
org.geometerplus.android.fbreader.api.PluginApi -> org.geometerplus.android.fbreader.api.PluginApi: