proguard_logs/usage.txt
com.hyperionics.fbreader.plugin.tts_plus.BuildConfig
com.hyperionics.fbreader.plugin.tts_plus.InstallInfo:
    13:13:private InstallInfo()
    54:54:public static boolean installedFromGoogle()
    58:63:public static boolean installedFromGoogle(java.lang.String)
    68:68:public static android.content.pm.PackageManager getPackageManager()
    72:72:public static java.lang.String getPackageName()
com.hyperionics.fbreader.plugin.tts_plus.MyWidgetIntentReceiver:
    static final java.lang.String INTENT_PREVIOUS
    static final java.lang.String INTENT_PLAY
    static final java.lang.String INTENT_PAUSE
    static final java.lang.String INTENT_NEXT
com.hyperionics.fbreader.plugin.tts_plus.R
com.hyperionics.fbreader.plugin.tts_plus.R$array
com.hyperionics.fbreader.plugin.tts_plus.R$attr
com.hyperionics.fbreader.plugin.tts_plus.R$color
com.hyperionics.fbreader.plugin.tts_plus.R$drawable
com.hyperionics.fbreader.plugin.tts_plus.R$id
com.hyperionics.fbreader.plugin.tts_plus.R$layout
com.hyperionics.fbreader.plugin.tts_plus.R$string
com.hyperionics.fbreader.plugin.tts_plus.R$style
com.hyperionics.fbreader.plugin.tts_plus.R$xml
com.hyperionics.fbreader.plugin.tts_plus.SpeakActivity:
    static final int LANG_SEL_REQUEST
    static final int AVAR_DEF_PATH_REQUEST
    733:740:static void showErrorMessage(java.lang.CharSequence)
com.hyperionics.fbreader.plugin.tts_plus.SpeakActivity$21
com.hyperionics.fbreader.plugin.tts_plus.SpeakService:
    static final java.lang.String BOOK_LANG
    private static final java.lang.String UTTERANCE_ID
    static final java.lang.String SVC_STARTED
    static final java.lang.String TTSP_KILL
    538:541:private static void setPitchTemp(float)
com.hyperionics.fbreader.plugin.tts_plus.TtsApp:
    106:106:public static boolean isDebug()
com.hyperionics.fbreader.plugin.tts_plus.TtsSentenceExtractor:
    29:29:private TtsSentenceExtractor()
...
com.example.TtsNativeLib.BuildConfig
com.example.TtsNativeLib.R
com.example.TtsNativeLib.R$drawable
com.example.TtsNativeLib.R$layout
com.example.TtsNativeLib.R$string
com.hyperionics.TtsNativeLib.Dummy
com.hyperionics.TtsSetup.AndyUtil:
    43:43:private AndyUtil()
    81:83:public static java.io.File getTempFile(java.lang.String)
    87:87:public static java.io.File getTempFile()
    91:96:public static java.io.File getTempFile(java.lang.String,java.lang.String)
    101:102:public static java.io.File getPermFile(java.lang.String)
    106:109:public static void deleteTempFiles()
    112:123:public static java.lang.String getTtsCurrentEngine(android.speech.tts.TextToSpeech)
    165:170:public static boolean isExploringByTouch()
    188:190:public static int parseInt(java.lang.String)
    196:198:public static long parseLong(java.lang.String)
com.hyperionics.TtsSetup.BuildConfig
com.hyperionics.TtsSetup.CldWrapper:
    49:67:public static java.lang.String detectLang(java.lang.String)
    72:73:public static java.lang.String detectLangSimple(java.lang.String)
com.hyperionics.TtsSetup.EditSpeech:
    private static final int LANG_SEL_REQUEST
    private static final int TTS_RETURN_REQUEST
com.hyperionics.TtsSetup.LangSupport:
    private static final java.lang.String ENG_PREF
    34:38:public static boolean sameLang(java.lang.String,java.lang.String)
    228:228:public static boolean findEngineWithLang(java.lang.String,com.hyperionics.TtsSetup.LangSupport$OnSearchFinished)
com.hyperionics.TtsSetup.LangSupport$EngSearch
com.hyperionics.TtsSetup.LangSupport$EngSearch$1
com.hyperionics.TtsSetup.LangSupport$OnSearchFinished
com.hyperionics.TtsSetup.Lt:
    31:31:private Lt()
    42:42:public static boolean isDebugBuild()
    60:61:public static void w(java.lang.String)
    64:65:public static void i(java.lang.String)
com.hyperionics.TtsSetup.R:
    9:146:public R()
com.hyperionics.TtsSetup.R$array:
    10:10:public R$array()
com.hyperionics.TtsSetup.R$color
com.hyperionics.TtsSetup.R$drawable
com.hyperionics.TtsSetup.R$id:
    45:45:public R$id()
com.hyperionics.TtsSetup.R$layout:
    91:91:public R$layout()
com.hyperionics.TtsSetup.R$string:
    100:100:public R$string()
com.hyperionics.TtsSetup.R$style
com.hyperionics.TtsSetup.VoiceSelector:
    public static final java.lang.String SELECTED_ENGINE
    public static final java.lang.String SELECTED_VOICE
    public static final java.lang.String CONFIG_DIR
    public static final java.lang.String FOR_REPLACEMENTS
    public static final java.lang.String INIT_LANG
    public static final java.lang.String INIT_ENGINE
    public static final java.lang.String INIT_AUTOSEL
com.hyperionics.util.Base64
com.hyperionics.util.Base64DecoderException
com.hyperionics.util.FileUtil